<!--
  ~ Copyright (c) 2008-2016 Haulmont.
  ~
  ~ Licensed under the Apache License, Version 2.0 (the "License");
  ~ you may not use this file except in compliance with the License.
  ~ You may obtain a copy of the License at
  ~
  ~     http://www.apache.org/licenses/LICENSE-2.0
  ~
  ~ Unless required by applicable law or agreed to in writing, software
  ~ distributed under the License is distributed on an "AS IS" BASIS,
  ~ WITHOUT WARRANTIES OR CONDITIONS OF ANY KIND, either express or implied.
  ~ See the License for the specific language governing permissions and
  ~ limitations under the License.
  ~
  -->

<views xmlns="http://schemas.haulmont.com/jmix/views.xsd">

    <view class="com.haulmont.cuba.core.model.common.User" name="user.edit" extends="_local">
        <property name="group">
            <property name="name"/>
        </property>
        <property name="userRoles" view="user.edit"/>
        <property name="substitutions" view="user.edit"/>
    </view>

    <view class="com.haulmont.cuba.core.model.common.User" name="user.browse" extends="_local" systemProperties="true">
        <property name="group" view="_minimal"/>
    </view>

    <view class="com.haulmont.cuba.core.model.common.UserRole" name="user.edit">
        <property name="role">
            <property name="name"/>
            <property name="locName"/>
            <property name="defaultRole"/>
        </property>
        <property name="roleName"/>
    </view>

    <view class="com.haulmont.cuba.core.model.common.UserSubstitution" name="user.edit">
        <property name="substitutedUser">
            <property name="login"/>
            <property name="name"/>
        </property>
        <property name="startDate"/>
        <property name="endDate"/>
    </view>

    <view entity="test$Order" name="with-customer" extends="_local">
        <property name="customer" view="_local"/>
    </view>

    <view entity="test$OrderLine" name="with-product" extends="_local">
        <property name="product" view="_local"/>
    </view>

</views>