<!--
  ~ Copyright (c) 2008-2016 Haulmont.
  ~
  ~ Licensed under the Apache License, Version 2.0 (the "License");
  ~ you may not use this file except in compliance with the License.
  ~ You may obtain a copy of the License at
  ~
  ~     http://www.apache.org/licenses/LICENSE-2.0
  ~
  ~ Unless required by applicable law or agreed to in writing, software
  ~ distributed under the License is distributed on an "AS IS" BASIS,
  ~ WITHOUT WARRANTIES OR CONDITIONS OF ANY KIND, either express or implied.
  ~ See the License for the specific language governing permissions and
  ~ limitations under the License.
  ~
  -->

<views xmlns="http://schemas.haulmont.com/jmix/views.xsd">

    <view class="com.haulmont.cuba.core.model.common.User" name="user.edit" extends="_local">
        <property name="group">
            <property name="name"/>
        </property>
        <property name="userRoles" view="user.edit"/>
        <property name="substitutions" view="user.edit"/>
    </view>

    <view class="com.haulmont.cuba.core.model.common.User" name="user.locale" extends="_minimal">
        <property name="language"/>
    </view>

    <view class="com.haulmont.cuba.core.model.common.User" name="user.browse" extends="_local" systemProperties="true">
        <property name="group" view="_minimal"/>
    </view>

    <view class="com.haulmont.cuba.core.model.common.UserRole" name="user.edit">
        <property name="role">
            <property name="name"/>
            <property name="locName"/>
            <property name="defaultRole"/>
        </property>
        <property name="roleName"/>
    </view>

    <view class="com.haulmont.cuba.core.model.common.UserSubstitution" name="user.edit">
        <property name="substitutedUser">
            <property name="login"/>
            <property name="name"/>
        </property>
        <property name="startDate"/>
        <property name="endDate"/>
    </view>

    <view entity="test$Order" name="with-customer" extends="_local">
        <property name="customer" view="_local"/>
    </view>

    <view entity="test$OrderLine" name="with-product" extends="_local">
        <property name="product" view="_local"/>
    </view>

    <view entity="test$Group" name="group.browse">
        <property name="name"/>
        <property name="parent"/>
    </view>

    <view entity="test$SeveralFetchGroups_TariffVersion"
          extends="_local"
          name="tariffVersion.withParent">
        <property name="parent" view="tariff-with-version"/>
    </view>

    <view entity="test$SeveralFetchGroups_Tariff"
          extends="_minimal"
          name="tariff-with-version">
        <property name="parent"
                  view="_minimal"/>
        <property name="activeVersion" view="_minimal"/>
    </view>

    <view entity="test$Many2Many_FetchSame1"
          extends="_local"
          name="Many2Many_FetchSame1-emptyCollection">
        <property name="many2"
                  view="_minimal">
            <property name="many1"
                      view="_minimal">
                <property name="many2"
                          view="_minimal"/>
            </property>
        </property>
    </view>

    <view entity="test$Many2Many_FetchSame1"
          extends="_local"
          name="Many2Many_FetchSame1-sameEntityTwice">
        <property name="oneToMany2"
                  view="_minimal">
            <property name="many3"
                      view="_minimal">
                <property name="oneToMany2"
                          view="_minimal"/>
            </property>
        </property>
    </view>

    <view entity="test_SelfReferencedEntity" name="entityWithChildren" extends="_local">
        <property name="children" view="_local"/>
    </view>

    <view entity="test$CompositeOne"
          extends="_local"
          name="compositeOne-view">
        <property name="compositePropertyOne"
                  view="compositePropertyOne-view">
        </property>
    </view>

    <view entity="test$CompositePropertyOne"
          extends="_local"
          name="compositePropertyOne-view">
        <property name="compositeOne" view="_minimal"/>
        <property name="compositeTwo" view="compositeTwo-view"/>
    </view>

    <view entity="test$CompositeTwo"
          extends="_local"
          name="compositeTwo-view">
        <property name="compositePropertyTwo"
                  view="compositePropertyTwo-view"/>
    </view>

    <view entity="test$CompositePropertyTwo"
          extends="_local"
          name="compositePropertyTwo-view">
        <property name="compositeTwo" view="_minimal"/>
    </view>

    <view entity="test$UserSubstitution" name="usersubst.edit">
        <property name="user" view="_minimal"/>
        <property name="substitutedUser" view="_minimal"/>
        <property name="startDate"/>
        <property name="endDate"/>
    </view>

    <view entity="sec_Group"
          name="group.browse">
        <property name="name"/>
        <property name="parent"/>
        <property name="constraints" view="_local"/>
    </view>
</views>
